Der Buildvorgang wurde am 14.12.2015 21:39:41 gestartet.
     1>Projekt "D:\Develop\Raumfeld\Raumkernel2\source\Raumkernel2.vcxproj" auf Knoten "2", Build Ziel(e).
     1>ClCompile:
         C:\Program Files (x86)\Microsoft Visual Studio 12.0\VC\bin\CL.exe /c /I"D:\Projekte\Visual Leak Detector\include" /ZI /nologo /W3 /WX- /Od /Oy- /D WIN32 /D _DEBUG /D _WINDLL /D _UNICODE /D UNICODE /Gm /EHsc /RTC1 /MDd /GS /fp:precise /Zc:wchar_t /Zc:forScope /Fo"D:\Develop\Raumfeld\Raumkernel2\source\_temp\Debug\\" /Fd"D:\Develop\Raumfeld\Raumkernel2\source\_temp\Debug\vc120.pdb" /Gd /TP /analyze- /errorReport:prompt logger\logger.cpp logger\loggerAdapter.cpp
         logger.cpp
     1>d:\develop\raumfeld\raumkernel2\source\includes\raumkernel\tools\dateutil.h(64): warning C4996: 'localtime': This function or variable may be unsafe. Consider using localtime_s instead. To disable deprecation, use _CRT_SECURE_NO_WARNINGS. See online help for details.
                 c:\program files (x86)\microsoft visual studio 12.0\vc\include\time.inl(112): Siehe Deklaration von 'localtime'
         Code wird generiert...
         Kompilieren...
         loggerAdapter.cpp
     1>d:\develop\raumfeld\raumkernel2\source\includes\raumkernel\tools\dateutil.h(64): warning C4996: 'localtime': This function or variable may be unsafe. Consider using localtime_s instead. To disable deprecation, use _CRT_SECURE_NO_WARNINGS. See online help for details.
                 c:\program files (x86)\microsoft visual studio 12.0\vc\include\time.inl(112): Siehe Deklaration von 'localtime'
         Code wird generiert...
       Link:
         C:\Program Files (x86)\Microsoft Visual Studio 12.0\VC\bin\link.exe /ERRORREPORT:PROMPT /OUT:"D:\Develop\Raumfeld\Raumkernel2\source\Debug\raumkernel.dll" /INCREMENTAL /NOLOGO /LIBPATH:"D:\Projekte\Visual Leak Detector\lib\Win32" /MANIFEST /MANIFESTUAC:"level='asInvoker' uiAccess='false'" /manifest:embed /DEBUG /PDB:"D:\Develop\Raumfeld\Raumkernel2\source\Debug\raumkernel.pdb" /TLBID:1 /DYNAMICBASE /NXCOMPAT /IMPLIB:"D:\Develop\Raumfeld\Raumkernel2\source\Debug\raumkernel.lib" /MACHINE:X86 /DLL D:\Develop\Raumfeld\Raumkernel2\source\_temp\Debug\logger.obj
         D:\Develop\Raumfeld\Raumkernel2\source\_temp\Debug\loggerAdapter.obj
         D:\Develop\Raumfeld\Raumkernel2\source\_temp\Debug\raumkernel.obj
         D:\Develop\Raumfeld\Raumkernel2\source\_temp\Debug\raumkernelBase.obj
         Raumkernel2.vcxproj -> D:\Develop\Raumfeld\Raumkernel2\source\Debug\raumkernel.dll
     1>Die Erstellung des Projekts "D:\Develop\Raumfeld\Raumkernel2\source\Raumkernel2.vcxproj" ist abgeschlossen, Build Ziel(e).

Build erfolgreich.

Verstrichene Zeit 00:00:01.48
